This is pdfTeX, Version 3.1415926-1.40.10 (MiKTeX 2.8) (preloaded format=pdflatex 2010.4.6)  8 JUN 2010 11:14
entering extended mode
**Memoria.tex
("D:\Universidad\Nuevo\Latex\Memoria PFC\Memoria.tex"
LaTeX2e <2009/09/24>
Babel <v3.8l> and hyphenation patterns for english, dumylang, nohyphenation, ge
rman, ngerman, german-x-2009-06-19, ngerman-x-2009-06-19, french, loaded.
("C:\Archivos de programa\MiKTeX 2.8\tex\latex\base\book.cls"
Document Class: book 2007/10/19 v1.4h Standard LaTeX document class
("C:\Archivos de programa\MiKTeX 2.8\tex\latex\base\bk12.clo"
File: bk12.clo 2007/10/19 v1.4h Standard LaTeX file (size option)
)
\c@part=\count79
\c@chapter=\count80
\c@section=\count81
\c@subsection=\count82
\c@subsubsection=\count83
\c@paragraph=\count84
\c@subparagraph=\count85
\c@figure=\count86
\c@table=\count87
\abovecaptionskip=\skip41
\belowcaptionskip=\skip42
\bibindent=\dimen102
)
("C:\Archivos de programa\MiKTeX 2.8\tex\latex\geometry\geometry.sty"
Package: geometry 2008/12/21 v4.2 Page Geometry

("C:\Archivos de programa\MiKTeX 2.8\tex\latex\graphics\keyval.sty"
Package: keyval 1999/03/16 v1.13 key=value parser (DPC)
\KV@toks@=\toks14
)
("C:\Archivos de programa\MiKTeX 2.8\tex\generic\oberdiek\ifpdf.sty"
Package: ifpdf 2009/04/10 v2.0 Provides the ifpdf switch (HO)
Package ifpdf Info: pdfTeX in pdf mode detected.
)
("C:\Archivos de programa\MiKTeX 2.8\tex\generic\oberdiek\ifvtex.sty"
Package: ifvtex 2008/11/04 v1.4 Switches for detecting VTeX and its modes (HO)
Package ifvtex Info: VTeX not detected.
)
\Gm@cnth=\count88
\Gm@cntv=\count89
\c@Gm@tempcnt=\count90
\Gm@bindingoffset=\dimen103
\Gm@wd@mp=\dimen104
\Gm@odd@mp=\dimen105
\Gm@even@mp=\dimen106
\Gm@dimlist=\toks15

("C:\Archivos de programa\MiKTeX 2.8\tex\latex\geometry\geometry.cfg"))
("C:\Archivos de programa\MiKTeX 2.8\tex\latex\base\inputenc.sty"
Package: inputenc 2008/03/30 v1.1d Input encoding file
\inpenc@prehook=\toks16
\inpenc@posthook=\toks17

("C:\Archivos de programa\MiKTeX 2.8\tex\latex\base\latin1.def"
File: latin1.def 2008/03/30 v1.1d Input encoding file
))
("C:\Archivos de programa\MiKTeX 2.8\tex\generic\babel\babel.sty"
Package: babel 2008/07/06 v3.8l The Babel package

*************************************
* Local config file bblopts.cfg used
*
("C:\Archivos de programa\MiKTeX 2.8\tex\latex\00miktex\bblopts.cfg"
File: bblopts.cfg 2006/07/31 v1.0 MiKTeX 'babel' configuration
)
("C:\Archivos de programa\MiKTeX 2.8\tex\generic\babel\spanish.ldf"
Language: spanish.ldf 2009/01/02 v5.0h Spanish support from the babel system

("C:\Archivos de programa\MiKTeX 2.8\tex\generic\babel\babel.def"
File: babel.def 2008/07/06 v3.8l Babel common definitions
\babel@savecnt=\count91
\U@D=\dimen107
)

Package babel Warning: No hyphenation patterns were loaded for
(babel)                the language `Spanish'
(babel)                I will use the patterns loaded for \language=0 instead.

\l@spanish = a dialect from \language0
\es@datefmt=\count92
\es@quottoks=\toks18
\es@quotdepth=\count93
Package babel Info: Making " an active character on input line 492.
Package babel Info: Making . an active character on input line 585.
Package babel Info: Making < an active character on input line 630.
Package babel Info: Making > an active character on input line 630.
)) ("C:\Archivos de programa\MiKTeX 2.8\tex\latex\graphics\graphicx.sty"
Package: graphicx 1999/02/16 v1.0f Enhanced LaTeX Graphics (DPC,SPQR)

("C:\Archivos de programa\MiKTeX 2.8\tex\latex\graphics\graphics.sty"
Package: graphics 2009/02/05 v1.0o Standard LaTeX Graphics (DPC,SPQR)

("C:\Archivos de programa\MiKTeX 2.8\tex\latex\graphics\trig.sty"
Package: trig 1999/03/16 v1.09 sin cos tan (DPC)
)
("C:\Archivos de programa\MiKTeX 2.8\tex\latex\00miktex\graphics.cfg"
File: graphics.cfg 2007/01/18 v1.5 graphics configuration of teTeX/TeXLive
)
Package graphics Info: Driver file: pdftex.def on input line 91.

("C:\Archivos de programa\MiKTeX 2.8\tex\latex\pdftex-def\pdftex.def"
File: pdftex.def 2009/08/25 v0.04m Graphics/color for pdfTeX
\Gread@gobject=\count94
))
\Gin@req@height=\dimen108
\Gin@req@width=\dimen109
)
("C:\Archivos de programa\MiKTeX 2.8\tex\latex\hyperref\hyperref.sty"
Package: hyperref 2009/10/19 v6.79b Hypertext links for LaTeX

("C:\Archivos de programa\MiKTeX 2.8\tex\latex\ifxetex\ifxetex.sty"
Package: ifxetex 2009/01/23 v0.5 Provides ifxetex conditional
)
("C:\Archivos de programa\MiKTeX 2.8\tex\latex\oberdiek\hycolor.sty"
Package: hycolor 2009/10/02 v1.5 Code for color options of hyperref/bookmark (H
O)

("C:\Archivos de programa\MiKTeX 2.8\tex\latex\oberdiek\xcolor-patch.sty"
Package: xcolor-patch 2009/10/02 xcolor patch
))
\@linkdim=\dimen110
\Hy@linkcounter=\count95
\Hy@pagecounter=\count96

("C:\Archivos de programa\MiKTeX 2.8\tex\latex\hyperref\pd1enc.def"
File: pd1enc.def 2009/10/19 v6.79b Hyperref: PDFDocEncoding definition (HO)
)
("C:\Archivos de programa\MiKTeX 2.8\tex\generic\oberdiek\etexcmds.sty"
Package: etexcmds 2007/12/12 v1.2 Prefix for e-TeX command names (HO)

("C:\Archivos de programa\MiKTeX 2.8\tex\generic\oberdiek\infwarerr.sty"
Package: infwarerr 2007/09/09 v1.2 Providing info/warning/message (HO)
)
Package etexcmds Info: Could not find \expanded.
(etexcmds)             That can mean that you are not using pdfTeX 1.50 or
(etexcmds)             that some package has redefined \expanded.
(etexcmds)             In the latter case, load this package earlier.
)
("C:\Archivos de programa\MiKTeX 2.8\tex\latex\00miktex\hyperref.cfg"
File: hyperref.cfg 2002/06/06 v1.2 hyperref configuration of TeXLive
)
("C:\Archivos de programa\MiKTeX 2.8\tex\latex\oberdiek\kvoptions.sty"
Package: kvoptions 2009/08/13 v3.4 Keyval support for LaTeX options (HO)

("C:\Archivos de programa\MiKTeX 2.8\tex\generic\oberdiek\kvsetkeys.sty"
Package: kvsetkeys 2009/07/30 v1.5 Key value parser with default handler suppor
t (HO)
))
Package hyperref Info: Hyper figures OFF on input line 2975.
Package hyperref Info: Link nesting OFF on input line 2980.
Package hyperref Info: Hyper index ON on input line 2983.
Package hyperref Info: Plain pages OFF on input line 2990.
Package hyperref Info: Backreferencing OFF on input line 2995.

Implicit mode ON; LaTeX internals redefined
Package hyperref Info: Bookmarks ON on input line 3191.
("C:\Archivos de programa\MiKTeX 2.8\tex\latex\ltxmisc\url.sty"
\Urlmuskip=\muskip10
Package: url 2006/04/12  ver 3.3  Verb mode for urls, etc.
)
LaTeX Info: Redefining \url on input line 3428.

("C:\Archivos de programa\MiKTeX 2.8\tex\generic\oberdiek\bitset.sty"
Package: bitset 2007/09/28 v1.0 Data type bit set (HO)

("C:\Archivos de programa\MiKTeX 2.8\tex\generic\oberdiek\intcalc.sty"
Package: intcalc 2007/09/27 v1.1 Expandable integer calculations (HO)
)
("C:\Archivos de programa\MiKTeX 2.8\tex\generic\oberdiek\bigintcalc.sty"
Package: bigintcalc 2007/11/11 v1.1 Expandable big integer calculations (HO)

("C:\Archivos de programa\MiKTeX 2.8\tex\generic\oberdiek\pdftexcmds.sty"
Package: pdftexcmds 2009/09/23 v0.6 LuaTeX support for pdfTeX utility functions
 (HO)

("C:\Archivos de programa\MiKTeX 2.8\tex\generic\oberdiek\ifluatex.sty"
Package: ifluatex 2009/04/17 v1.2 Provides the ifluatex switch (HO)
Package ifluatex Info: LuaTeX not detected.
)
("C:\Archivos de programa\MiKTeX 2.8\tex\generic\oberdiek\ltxcmds.sty"
Package: ltxcmds 2009/08/05 v1.0 Some LaTeX kernel commands for general use (HO
)
)
Package pdftexcmds Info: LuaTeX not detected.
Package pdftexcmds Info: \pdf@primitive is available.
Package pdftexcmds Info: \pdf@ifprimitive is available.
)))
\Fld@menulength=\count97
\Field@Width=\dimen111
\Fld@charsize=\dimen112
\Field@toks=\toks19
Package hyperref Info: Hyper figures OFF on input line 4377.
Package hyperref Info: Link nesting OFF on input line 4382.
Package hyperref Info: Hyper index ON on input line 4385.
Package hyperref Info: backreferencing OFF on input line 4392.
Package hyperref Info: Link coloring OFF on input line 4397.
Package hyperref Info: Link coloring with OCG OFF on input line 4402.
Package hyperref Info: PDF/A mode OFF on input line 4407.

("C:\Archivos de programa\MiKTeX 2.8\tex\generic\oberdiek\atbegshi.sty"
Package: atbegshi 2008/07/31 v1.9 At begin shipout hook (HO)
)
\Hy@abspage=\count98
\c@Item=\count99
\c@Hfootnote=\count100
)
*hyperref using default driver hpdftex*
("C:\Archivos de programa\MiKTeX 2.8\tex\latex\hyperref\hpdftex.def"
File: hpdftex.def 2009/10/19 v6.79b Hyperref driver for pdfTeX
\Fld@listcount=\count101
)
Package hyperref Info: Option `colorlinks' set `true' on input line 30.

("C:\Archivos de programa\MiKTeX 2.8\tex\latex\graphics\color.sty"
Package: color 2005/11/14 v1.0j Standard LaTeX Color (DPC)

("C:\Archivos de programa\MiKTeX 2.8\tex\latex\00miktex\color.cfg"
File: color.cfg 2007/01/18 v1.5 color configuration of teTeX/TeXLive
)
Package color Info: Driver file: pdftex.def on input line 130.
)

LaTeX Warning: Unused global option(s):
    [A4].

("D:\Universidad\Nuevo\Latex\Memoria PFC\Memoria.aux"

LaTeX Warning: Label `fig:Pipeline' multiply defined.

)
LaTeX Font Info:    Checking defaults for OML/cmm/m/it on input line 40.
LaTeX Font Info:    ... okay on input line 40.
LaTeX Font Info:    Checking defaults for T1/cmr/m/n on input line 40.
LaTeX Font Info:    ... okay on input line 40.
LaTeX Font Info:    Checking defaults for OT1/cmr/m/n on input line 40.
LaTeX Font Info:    ... okay on input line 40.
LaTeX Font Info:    Checking defaults for OMS/cmsy/m/n on input line 40.
LaTeX Font Info:    ... okay on input line 40.
LaTeX Font Info:    Checking defaults for OMX/cmex/m/n on input line 40.
LaTeX Font Info:    ... okay on input line 40.
LaTeX Font Info:    Checking defaults for U/cmr/m/n on input line 40.
LaTeX Font Info:    ... okay on input line 40.
LaTeX Font Info:    Checking defaults for PD1/pdf/m/n on input line 40.
LaTeX Font Info:    ... okay on input line 40.

*geometry auto-detecting driver*
*geometry detected driver: pdftex*
-------------------- Geometry parameters
paper: class default
landscape: --
twocolumn: --
twoside: true
asymmetric: --
h-parts: 71.13188pt, 500.484pt, 42.67912pt
v-parts: 85.35826pt, 624.25346pt, 85.35826pt
hmarginratio: --
vmarginratio: --
lines: --
heightrounded: --
bindingoffset: 0.0pt
truedimen: --
includehead: --
includefoot: --
includemp: --
driver: pdftex
-------------------- Page layout dimensions and switches
\paperwidth  614.295pt
\paperheight 794.96999pt
\textwidth  500.484pt
\textheight 624.25346pt
\oddsidemargin  -1.1381pt
\evensidemargin -29.59087pt
\topmargin  -18.78552pt
\headheight 12.0pt
\headsep    19.8738pt
\footskip   30.0pt
\marginparwidth 98.0pt
\marginparsep   7.0pt
\columnsep  10.0pt
\skip\footins  10.8pt plus 4.0pt minus 2.0pt
\hoffset 0.0pt
\voffset 0.0pt
\mag 1000
\@twosidetrue \@mparswitchtrue 
(1in=72.27pt, 1cm=28.45pt)
-----------------------
("C:\Archivos de programa\MiKTeX 2.8\tex\context\base\supp-pdf.tex"
[Loading MPS to PDF converter (version 2006.09.02).]
\scratchcounter=\count102
\scratchdimen=\dimen113
\scratchbox=\box26
\nofMPsegments=\count103
\nofMParguments=\count104
\everyMPshowfont=\toks20
\MPscratchCnt=\count105
\MPscratchDim=\dimen114
\MPnumerator=\count106
\everyMPtoPDFconversion=\toks21
)
Package hyperref Info: Link coloring ON on input line 40.
 ("C:\Archivos de programa\MiKTeX 2.8\tex\latex\hyperref\nameref.sty"
Package: nameref 2007/05/29 v2.31 Cross-referencing by name of section

("C:\Archivos de programa\MiKTeX 2.8\tex\latex\oberdiek\refcount.sty"
Package: refcount 2008/08/11 v3.1 Data extraction from references (HO)
)
\c@section@level=\count107
)
LaTeX Info: Redefining \ref on input line 40.
LaTeX Info: Redefining \pageref on input line 40.

("D:\Universidad\Nuevo\Latex\Memoria PFC\Memoria.out")
("D:\Universidad\Nuevo\Latex\Memoria PFC\Memoria.out")
\@outlinefile=\write3
\AtBeginShipoutBox=\box27
LaTeX Font Info:    External font `cmex10' loaded for size
(Font)              <14.4> on input line 47.
LaTeX Font Info:    External font `cmex10' loaded for size
(Font)              <7> on input line 47.
 [1


{C:/Documents and Settings/All Users/Datos de programa/MiKTeX/2.8/pdftex/config
/pdftex.map}] [2]
Underfull \hbox (badness 10000) in paragraph at lines 58--61

 []


Underfull \hbox (badness 10000) in paragraph at lines 63--67

 []

[3] [4] [5] [6] ("D:\Universidad\Nuevo\Latex\Memoria PFC\Memoria.toc"
LaTeX Font Info:    External font `cmex10' loaded for size
(Font)              <12> on input line 2.
LaTeX Font Info:    External font `cmex10' loaded for size
(Font)              <8> on input line 2.
LaTeX Font Info:    External font `cmex10' loaded for size
(Font)              <6> on input line 2.
pdfTeX warning (ext4): destination with the same identifier (name{page.1}) has 
been already used, duplicate ignored
<to be read again> 
                   \relax 
l.18 ...'on y publicidad del PFC}{23}{section.6.4}
                                                   [1

]
Underfull \vbox (badness 2990) has occurred while \output is active []

pdfTeX warning (ext4): destination with the same identifier (name{page.2}) has 
been already used, duplicate ignored
<to be read again> 
                   \relax 
l.90 ...kTrackingMeshFilter}{77}{subsection.9.2.2}
                                                   [2])
\tf@toc=\write4
pdfTeX warning (ext4): destination with the same identifier (name{page.3}) has 
been already used, duplicate ignored
<to be read again> 
                   \relax 
l.89 \newpage
              [3]pdfTeX warning (ext4): destination with the same identifier (n
ame{page.4}) has been already used, duplicate ignored
<to be read again> 
                   \relax 
l.92 \newpage
              [4]
Cap\'{\i }tulo 1.
pdfTeX warning (ext4): destination with the same identifier (name{page.5}) has 
been already used, duplicate ignored
<to be read again> 
                   \relax 
l.95 \chapter
             {Estado actual del tema} [5

]pdfTeX warning (ext4): destination with the same identifier (name{page.6}) has
 been already used, duplicate ignored
<to be read again> 
                   \relax 
l.95 \chapter
             {Estado actual del tema} [6

]
Cap\'{\i }tulo 2.

Underfull \vbox (badness 5008) has occurred while \output is active []

 [7]
[8] [9] [10] [11] [12

]
Cap\'{\i }tulo 3.
[13] [14

]
Cap\'{\i }tulo 4.
[15] [16

]
Cap\'{\i }tulo 5.
LaTeX Font Info:    Try loading font information for OMS+cmr on input line 200.

("C:\Archivos de programa\MiKTeX 2.8\tex\latex\base\omscmr.fd"
File: omscmr.fd 1999/05/25 v2.5h Standard LaTeX font definitions
)
LaTeX Font Info:    Font shape `OMS/cmr/m/n' in size <12> not available
(Font)              Font shape `OMS/cmsy/m/n' tried instead on input line 200.
 [17] [18]
[19] [20

]
Cap\'{\i }tulo 6.
[21] [22] [23] [24]
Cap\'{\i }tulo 7.
[25

] [26] [27] [28] [29] [30] [31]
Underfull \vbox (badness 4378) has occurred while \output is active []

 [32]
[33] [34] [35]
Underfull \vbox (badness 10000) has occurred while \output is active []

 [36]
<./images/image003.PNG, id=459, 670.75594pt x 358.33875pt>
File: ./images/image003.PNG Graphic file (type png)

<use ./images/image003.PNG> [37 <D:/Universidad/Nuevo/Latex/Memoria PFC/images/
image003.PNG (PNG copy)>] [38] [39]
<./images/image005.PNG, id=480, 283.0575pt x 272.51813pt>
File: ./images/image005.PNG Graphic file (type png)

<use ./images/image005.PNG> [40 <D:/Universidad/Nuevo/Latex/Memoria PFC/images/
image005.PNG (PNG copy)>] [41] [42]
Underfull \hbox (badness 10000) in paragraph at lines 654--655
[]\OT1/cmr/m/n/12 La clase itk::ImageSliceIteratorWithIndex es una ex-ten-sion
 de
 []

[43] <./images/image007.PNG, id=507, 413.29407pt x 377.15906pt>
File: ./images/image007.PNG Graphic file (type png)

<use ./images/image007.PNG> [44 <D:/Universidad/Nuevo/Latex/Memoria PFC/images/
image007.PNG (PNG copy)>] [45] [46] [47] [48] [49]
Underfull \vbox (badness 10000) has occurred while \output is active []

 [50]
Underfull \vbox (badness 10000) has occurred while \output is active []

 [51]
[52] [53] [54] [55] [56] [57] [58] [59]
<./images/image089.JPG, id=595, 378.66469pt x 99.37125pt>
File: ./images/image089.JPG Graphic file (type jpg)

<use ./images/image089.JPG> [60 <D:/Universidad/Nuevo/Latex/Memoria PFC/images/
image089.JPG>]
Underfull \vbox (badness 2119) has occurred while \output is active []

 [61]
[62]
Cap\'{\i }tulo 8.
<./images/sshot-1.PNG, id=615, 728.7225pt x 232.87pt>
File: ./images/sshot-1.PNG Graphic file (type png)

<use ./images/sshot-1.PNG>
Overfull \hbox (9.61827pt too wide) in paragraph at lines 1062--1063
 [][] 
 []


Underfull \vbox (badness 10000) has occurred while \output is active []

 [63

]
[64 <D:/Universidad/Nuevo/Latex/Memoria PFC/images/sshot-1.PNG (PNG copy)>]
[65] [66] [67] [68] <./images/sshot-2.PNG, id=650, 756.8275pt x 263.98625pt>
File: ./images/sshot-2.PNG Graphic file (type png)

<use ./images/sshot-2.PNG>
Overfull \hbox (29.29164pt too wide) in paragraph at lines 1188--1189
 [][] 
 []

<./images/sshot-3.PNG, id=651, 585.18625pt x 360.34625pt>
File: ./images/sshot-3.PNG Graphic file (type png)

<use ./images/sshot-3.PNG>
Underfull \vbox (badness 1577) has occurred while \output is active []

 [69]
[70 <D:/Universidad/Nuevo/Latex/Memoria PFC/images/sshot-2.PNG (PNG copy)> <D:/
Universidad/Nuevo/Latex/Memoria PFC/images/sshot-3.PNG (PNG copy)>] [71]
[72

]
Cap\'{\i }tulo 9.

Underfull \vbox (badness 10000) has occurred while \output is active []

 [73]
[74] [75]
Underfull \vbox (badness 1939) has occurred while \output is active []

 [76]
[77] [78

]
Cap\'{\i }tulo 10.
[79] [80

]
Cap\'{\i }tulo 11.
[81] [82

] [83] ("D:\Universidad\Nuevo\Latex\Memoria PFC\Memoria.aux")

LaTeX Warning: There were multiply-defined labels.

 ) 
Here is how much of TeX's memory you used:
 5570 strings out of 495285
 80247 string characters out of 3179727
 160594 words of memory out of 3000000
 8478 multiletter control sequences out of 15000+200000
 10113 words of font info for 35 fonts, out of 3000000 for 9000
 14 hyphenation exceptions out of 8191
 38i,7n,36p,1642b,552s stack positions out of 5000i,500n,10000p,200000b,50000s
<C:/Archivos de programa/MiKTeX 2.8/fonts/type1/public/amsfonts/cm/cmbx12.pfb
><C:/Archivos de programa/MiKTeX 2.8/fonts/type1/public/amsfonts/cm/cmmi12.pfb>
<C:/Archivos de programa/MiKTeX 2.8/fonts/type1/public/amsfonts/cm/cmr12.pfb><C
:/Archivos de programa/MiKTeX 2.8/fonts/type1/public/amsfonts/cm/cmr17.pfb><C:/
Archivos de programa/MiKTeX 2.8/fonts/type1/public/amsfonts/cm/cmr8.pfb><C:/Arc
hivos de programa/MiKTeX 2.8/fonts/type1/public/amsfonts/cm/cmsl12.pfb><C:/Arch
ivos de programa/MiKTeX 2.8/fonts/type1/public/amsfonts/cm/cmsy10.pfb><C:/Archi
vos de programa/MiKTeX 2.8/fonts/type1/public/amsfonts/cm/cmti12.pfb>
Output written on Memoria.pdf (89 pages, 508865 bytes).
PDF statistics:
 816 PDF objects out of 1000 (max. 8388607)
 220 named destinations out of 1000 (max. 500000)
 444 words of extra memory for PDF output out of 10000 (max. 10000000)

